<?xml version="1.0" encoding="UTF-8"?>
<testng-results skipped="0" failed="0" total="1" passed="1">
  <reporter-output>
  </reporter-output>
  <suite name="Default suite" duration-ms="26409" started-at="2018-02-15T18:27:52Z" finished-at="2018-02-15T18:28:19Z">
    <groups>
    </groups>
    <test name="Default test" duration-ms="26409" started-at="2018-02-15T18:27:52Z" finished-at="2018-02-15T18:28:19Z">
      <class name="com.demo.pageobjectmodel.testcases.LandingpageTest">
        <test-method status="PASS" signature="testlandingpage()[pri:0, instance:com.demo.pageobjectmodel.testcases.LandingpageTest@59494225]" name="testlandingpage" duration-ms="26382" started-at="2018-02-15T18:27:52Z" finished-at="2018-02-15T18:28:19Z">
          <reporter-output>
          </reporter-output>
        </test-method> <!-- testlandingpage -->
      </class> <!-- com.demo.pageobjectmodel.testcases.LandingpageTest -->
    </test> <!-- Default test -->
  </suite> <!-- Default suite -->
</testng-results>
