<?xml version="1.0" encoding="UTF-8"?>
<testng-results skipped="1" failed="0" total="3" passed="2">
  <reporter-output>
  </reporter-output>
  <suite name="SuiteName" duration-ms="57274" started-at="2018-03-07T02:06:08Z" finished-at="2018-03-07T02:07:05Z">
    <groups>
    </groups>
    <test name="Login Test" duration-ms="30566" started-at="2018-03-07T02:06:08Z" finished-at="2018-03-07T02:06:39Z">
      <class name="com.demo.pageobjectmodel.testcases.Loginpagetest">
        <test-method status="PASS" signature="verifylogin(java.util.Hashtable)[pri:0, instance:com.demo.pageobjectmodel.testcases.Loginpagetest@625732]" name="verifylogin" duration-ms="29724" started-at="2018-03-07T07:36:08Z" data-provider="getData" finished-at="2018-03-07T07:36:38Z">
          <params>
            <param index="0">
              <value>
                <![CDATA[{Username=Dhwani.chidiya@gmail.com, ExpectedResult=Success, Password=radheradhe, Runmode=Y, Browser=Chrome}]]>
              </value>
            </param>
          </params>
          <reporter-output>
          </reporter-output>
        </test-method> <!-- verifylogin -->
        <test-method status="PASS" signature="quit()[pri:0, instance:com.demo.pageobjectmodel.testcases.Loginpagetest@625732]" name="quit" is-config="true" duration-ms="755" started-at="2018-03-07T07:36:38Z" finished-at="2018-03-07T07:36:39Z">
          <reporter-output>
          </reporter-output>
        </test-method> <!-- quit -->
        <test-method status="SKIP" signature="verifylogin(java.util.Hashtable)[pri:0, instance:com.demo.pageobjectmodel.testcases.Loginpagetest@625732]" name="verifylogin" duration-ms="2" started-at="2018-03-07T07:36:39Z" data-provider="getData" finished-at="2018-03-07T07:36:39Z">
          <params>
            <param index="0">
              <value>
                <![CDATA[{Username=its.thaur@gmail.com, ExpectedResult=Success, Password=dsadadasd, Runmode=N, Browser=Chrome}]]>
              </value>
            </param>
          </params>
          <exception class="org.testng.SkipException">
            <message>
              <![CDATA[Skipping the test case as Runmode is N]]>
            </message>
            <full-stacktrace>
              <![CDATA[org.testng.SkipException: Skipping the test case as Runmode is N
	at com.demo.pageobjectmodel.testcases.Loginpagetest.verifylogin(Loginpagetest.java:31)
	at sun.reflect.NativeMethodAccessorImpl.invoke0(Native Method)
	at sun.reflect.NativeMethodAccessorImpl.invoke(Unknown Source)
	at sun.reflect.DelegatingMethodAccessorImpl.invoke(Unknown Source)
	at java.lang.reflect.Method.invoke(Unknown Source)
	at org.testng.internal.MethodInvocationHelper.invokeMethod(MethodInvocationHelper.java:85)
	at org.testng.internal.Invoker.invokeMethod(Invoker.java:639)
	at org.testng.internal.Invoker.invokeTestMethod(Invoker.java:821)
	at org.testng.internal.Invoker.invokeTestMethods(Invoker.java:1131)
	at org.testng.internal.TestMethodWorker.invokeTestMethods(TestMethodWorker.java:124)
	at org.testng.internal.TestMethodWorker.run(TestMethodWorker.java:108)
	at org.testng.TestRunner.privateRun(TestRunner.java:773)
	at org.testng.TestRunner.run(TestRunner.java:623)
	at org.testng.SuiteRunner.runTest(SuiteRunner.java:357)
	at org.testng.SuiteRunner.access$000(SuiteRunner.java:39)
	at org.testng.SuiteRunner$SuiteWorker.run(SuiteRunner.java:391)
	at org.testng.internal.thread.ThreadUtil$2.call(ThreadUtil.java:64)
	at java.util.concurrent.FutureTask.run(Unknown Source)
	at java.util.concurrent.ThreadPoolExecutor.runWorker(Unknown Source)
	at java.util.concurrent.ThreadPoolExecutor$Worker.run(Unknown Source)
	at java.lang.Thread.run(Unknown Source)
]]>
            </full-stacktrace>
          </exception> <!-- org.testng.SkipException -->
          <reporter-output>
          </reporter-output>
        </test-method> <!-- verifylogin -->
        <test-method status="PASS" signature="quit()[pri:0, instance:com.demo.pageobjectmodel.testcases.Loginpagetest@625732]" name="quit" is-config="true" duration-ms="56" started-at="2018-03-07T07:36:39Z" finished-at="2018-03-07T07:36:39Z">
          <reporter-output>
          </reporter-output>
        </test-method> <!-- quit -->
      </class> <!-- com.demo.pageobjectmodel.testcases.Loginpagetest -->
    </test> <!-- Login Test -->
    <test name="Automation practice test" duration-ms="57274" started-at="2018-03-07T02:06:08Z" finished-at="2018-03-07T02:07:05Z">
      <class name="com.demo.pageobjectmodel.testcases.Verify_Till_Paymen">
        <test-method status="PASS" signature="Verify_Till_PaymentPage(java.util.Hashtable)[pri:0, instance:com.demo.pageobjectmodel.testcases.Verify_Till_Paymen@6f46426d]" name="Verify_Till_PaymentPage" duration-ms="55392" started-at="2018-03-07T07:36:08Z" data-provider="getData" finished-at="2018-03-07T07:37:03Z">
          <params>
            <param index="0">
              <value>
                <![CDATA[{SelectProduct=Printed Dress, Item=Dresses, Runmode=Y, Subitems=}]]>
              </value>
            </param>
          </params>
          <reporter-output>
          </reporter-output>
        </test-method> <!-- Verify_Till_PaymentPage -->
        <test-method status="PASS" signature="quit()[pri:0, instance:com.demo.pageobjectmodel.testcases.Verify_Till_Paymen@6f46426d]" name="quit" is-config="true" duration-ms="1852" started-at="2018-03-07T07:37:03Z" finished-at="2018-03-07T07:37:05Z">
          <reporter-output>
          </reporter-output>
        </test-method> <!-- quit -->
      </class> <!-- com.demo.pageobjectmodel.testcases.Verify_Till_Paymen -->
    </test> <!-- Automation practice test -->
  </suite> <!-- SuiteName -->
</testng-results>
