<?xml version="1.0" encoding="UTF-8"?>
<!-- Generated by org.testng.reporters.JUnitXMLReporter -->
<testsuite hostname="WKWIN0299677" name="Login Test" tests="2" failures="0" timestamp="7 Mar 2018 02:06:39 GMT" time="30.566" errors="0">
  <testcase name="verifylogin" time="29.724" classname="com.demo.pageobjectmodel.testcases.Loginpagetest"/>
  <testcase name="verifylogin" time="0.002" classname="com.demo.pageobjectmodel.testcases.Loginpagetest">
    <skipped/>
  </testcase> <!-- verifylogin -->
</testsuite> <!-- Login Test -->
